<?xml version="1.0" encoding="UTF-8"?>
<testng-results ignored="0" total="1" passed="1" failed="0" skipped="0">
  <reporter-output>
  </reporter-output>
  <suite started-at="2023-10-30T15:16:13 IST" name="Default suite" finished-at="2023-10-30T15:16:47 IST" duration-ms="34228">
    <groups>
    </groups>
    <test started-at="2023-10-30T15:16:13 IST" name="Default test" finished-at="2023-10-30T15:16:47 IST" duration-ms="34228">
      <class name="Test_cases.loginspectransys">
        <test-method is-config="true" signature="createDbConnection()[pri:0, instance:Test_cases.loginspectransys@3270d194]" started-at="2023-10-30T15:16:13 IST" name="createDbConnection" finished-at="2023-10-30T15:16:13 IST" duration-ms="11" status="PASS">
          <reporter-output>
          </reporter-output>
        </test-method> <!-- createDbConnection -->
        <test-method is-config="true" signature="launchbrowser()[pri:0, instance:Test_cases.loginspectransys@3270d194]" started-at="2023-10-30T15:16:13 IST" name="launchbrowser" finished-at="2023-10-30T15:16:18 IST" duration-ms="4569" status="PASS">
          <reporter-output>
          </reporter-output>
        </test-method> <!-- launchbrowser -->
        <test-method is-config="true" signature="loginApp()[pri:0, instance:Test_cases.loginspectransys@3270d194]" started-at="2023-10-30T15:16:18 IST" name="loginApp" finished-at="2023-10-30T15:16:19 IST" duration-ms="1479" status="PASS">
          <reporter-output>
          </reporter-output>
        </test-method> <!-- loginApp -->
        <test-method signature="login()[pri:0, instance:Test_cases.loginspectransys@3270d194]" started-at="2023-10-30T15:16:19 IST" name="login" finished-at="2023-10-30T15:16:47 IST" duration-ms="27750" status="PASS">
          <reporter-output>
          </reporter-output>
        </test-method> <!-- login -->
        <test-method is-config="true" signature="logout()[pri:0, instance:Test_cases.loginspectransys@3270d194]" started-at="2023-10-30T15:16:47 IST" name="logout" finished-at="2023-10-30T15:16:47 IST" duration-ms="222" status="PASS">
          <reporter-output>
          </reporter-output>
        </test-method> <!-- logout -->
        <test-method is-config="true" signature="closewindow()[pri:0, instance:Test_cases.loginspectransys@3270d194]" started-at="2023-10-30T15:16:47 IST" name="closewindow" finished-at="2023-10-30T15:16:47 IST" duration-ms="155" status="PASS">
          <reporter-output>
          </reporter-output>
        </test-method> <!-- closewindow -->
        <test-method is-config="true" signature="closeDbconnection()[pri:0, instance:Test_cases.loginspectransys@3270d194]" started-at="2023-10-30T15:16:47 IST" name="closeDbconnection" finished-at="2023-10-30T15:16:47 IST" duration-ms="0" status="PASS">
          <reporter-output>
          </reporter-output>
        </test-method> <!-- closeDbconnection -->
      </class> <!-- Test_cases.loginspectransys -->
    </test> <!-- Default test -->
  </suite> <!-- Default suite -->
</testng-results>
